dbg: [net] Starting dedicated version 1.2.1
dbg: [net] [core] starting network...
dbg: [net] [udp] initializing listeners
dbg: [net] [core] network online, multiplayer available
dbg: [net] Detected broadcast addresses:
dbg: [net] 0) 192.168.1.255
dbg: [grf] generic_european_train_set_ges-alpha2.1/ges_pa2.1.grf: NewGRF "Generic European Set (GES) Public Alpha 2.1" (GRFID 444A0201) uses GRF version 1, which is incompatible with this version of OpenTTD.
dbg: [grf] long_vehicle_introduction_date-v1/long vehicle introduction datew v1.grf: NewGRF "Long Introduction Date for Trains and Cars" (GRFID 48420000) uses GRF version 1, which is incompatible with this version of OpenTTD.
dbg: [grf] openttd_plus.0.1/ottdpp.grf: NewGRF "TD DP+ A set of trains designed to complement the default train set. This includes future maglevs and monorails as well as more default trains for desert/alpine." (GRFID 44460000) uses GRF version 1, which is incompatible with this version of OpenTTD.
[2012-06-13 17:37:00] dbg: [net] [udp] closed listeners
[2012-06-13 17:37:00] dbg: [net] [udp] initializing listeners
[2012-06-13 17:37:00] dbg: [net] [udp] closed listeners
[2012-06-13 17:37:00] dbg: [net] [udp] initializing listeners
[2012-06-13 17:37:00] dbg: [net] [tcp] listening on IPv4 port 0.0.0.0:3979 (IPv4)
[2012-06-13 17:37:00] dbg: [net] [udp] listening on IPv4 port 0.0.0.0:3979 (IPv4)
[2012-06-13 17:37:00] dbg: [net] Generating map, please wait...
[2012-06-13 17:37:00] dbg: [net] Map generation percentage complete: 5
[2012-06-13 17:37:00] dbg: [net] Map generation percentage complete: 10
[2012-06-13 17:37:00] dbg: [net] Map generation percentage complete: 15
[2012-06-13 17:37:00] dbg: [net] Map generation percentage complete: 20
[2012-06-13 17:37:00] dbg: [net] Map generation percentage complete: 25
[2012-06-13 17:37:00] dbg: [net] Map generation percentage complete: 30
[2012-06-13 17:37:00] dbg: [net] Map generation percentage complete: 35
[2012-06-13 17:37:00] dbg: [net] Map generation percentage complete: 40
[2012-06-13 17:37:00] dbg: [net] Map generation percentage complete: 45
[2012-06-13 17:37:00] dbg: [net] Map generation percentage complete: 50
[2012-06-13 17:37:00] dbg: [net] Map generation percentage complete: 55
[2012-06-13 17:37:01] dbg: [net] Map generation percentage complete: 60
[2012-06-13 17:37:01] dbg: [net] Map generation percentage complete: 65
[2012-06-13 17:37:01] dbg: [net] Map generation percentage complete: 70
[2012-06-13 17:37:01] dbg: [net] Map generation percentage complete: 75
[2012-06-13 17:37:01] dbg: [net] Map generation percentage complete: 80
[2012-06-13 17:37:01] dbg: [net] Map generation percentage complete: 85
[2012-06-13 17:37:01] dbg: [net] Map generation percentage complete: 90
[2012-06-13 17:37:01] dbg: [net] Map generation percentage complete: 99
[2012-06-13 17:37:01] dbg: [net] Map generated, starting game
quit
[2012-06-13 17:56:52] dbg: [net] [server] closed listeners
[2012-06-13 17:56:52] dbg: [net] [admin] closed listeners
[2012-06-13 17:56:52] dbg: [net] [udp] closed listeners
[2012-06-13 17:56:52] dbg: [net] [udp] initializing listeners
[2012-06-13 17:56:52] dbg: [net] [udp] closed listeners
[2012-06-13 17:56:52] dbg: [net] [core] shutting down network
