dbg: [net] Starting dedicated version 1.2.1
dbg: [net] [core] starting network...
dbg: [net] [udp] initializing listeners
dbg: [net] [core] network online, multiplayer available
dbg: [net] Detected broadcast addresses:
dbg: [net] 0) 147.229.179.255
Trying to load graphics set 'original_dos', but it is incomplete. The game will probably not run correctly until you properly install this set or select another one. See section 4.1 of readme.txt.

The following files are corrupted or missing:
        TRG1.GRF is missing (You can find it on your Transport Tycoon Deluxe CD-ROM.)
        TRGI.GRF is missing (You can find it on your Transport Tycoon Deluxe CD-ROM.)
        TRGC.GRF is missing (You can find it on your Transport Tycoon Deluxe CD-ROM.)
        TRGH.GRF is missing (You can find it on your Transport Tycoon Deluxe CD-ROM.)
        TRGT.GRF is missing (You can find it on your Transport Tycoon Deluxe CD-ROM.)


Trying to load graphics set 'original_dos', but it is incomplete. The game will probably not run correctly until you properly install this set or select another one. See section 4.1 of readme.txt.

The following files are corrupted or missing:
        TRG1.GRF is missing (You can find it on your Transport Tycoon Deluxe CD-ROM.)
        TRGI.GRF is missing (You can find it on your Transport Tycoon Deluxe CD-ROM.)
        TRGC.GRF is missing (You can find it on your Transport Tycoon Deluxe CD-ROM.)
        TRGH.GRF is missing (You can find it on your Transport Tycoon Deluxe CD-ROM.)
        TRGT.GRF is missing (You can find it on your Transport Tycoon Deluxe CD-ROM.)


[1;31mError: Cannot open file 'TRG1.GRF'[0;39m
