dbg: [net] Starting dedicated version 1.2.1
dbg: [net] [core] starting network...
dbg: [net] [udp] initializing listeners
dbg: [net] [core] network online, multiplayer available
dbg: [net] Detected broadcast addresses:
dbg: [net] 0) 147.229.179.255
dbg: [grf] generic_european_train_set_ges-alpha2.1/ges_pa2.1.grf: NewGRF "Generic European Set (GES) Public Alpha 2.1" (GRFID 444A0201) uses GRF version 1, which is incompatible with this version of OpenTTD.
dbg: [grf] long_vehicle_introduction_date-v1/long vehicle introduction datew v1.grf: NewGRF "Long Introduction Date for Trains and Cars" (GRFID 48420000) uses GRF version 1, which is incompatible with this version of OpenTTD.
dbg: [grf] openttd_plus.0.1/ottdpp.grf: NewGRF "TD DP+ A set of trains designed to complement the default train set. This includes future maglevs and monorails as well as more default trains for desert/alpine." (GRFID 44460000) uses GRF version 1, which is incompatible with this version of OpenTTD.
[2012-06-23 16:57:15] dbg: [net] [udp] closed listeners
[2012-06-23 16:57:15] dbg: [net] [udp] initializing listeners
[2012-06-23 16:57:15] dbg: [net] [udp] closed listeners
[2012-06-23 16:57:15] dbg: [net] [udp] initializing listeners
[2012-06-23 16:57:15] dbg: [net] [tcp] listening on IPv4 port 0.0.0.0:3979 (IPv4)
[2012-06-23 16:57:15] dbg: [net] [udp] listening on IPv4 port 0.0.0.0:3979 (IPv4)
[2012-06-23 16:57:15] dbg: [net] Generating map, please wait...
[2012-06-23 16:57:15] dbg: [net] Map generation percentage complete: 5
[2012-06-23 16:57:15] dbg: [net] Map generation percentage complete: 10
[2012-06-23 16:57:15] dbg: [net] Map generation percentage complete: 15
[2012-06-23 16:57:15] dbg: [net] Map generation percentage complete: 20
[2012-06-23 16:57:15] dbg: [net] Map generation percentage complete: 25
[2012-06-23 16:57:15] dbg: [net] Map generation percentage complete: 30
[2012-06-23 16:57:15] dbg: [net] Map generation percentage complete: 35
[2012-06-23 16:57:15] dbg: [net] Map generation percentage complete: 40
[2012-06-23 16:57:15] dbg: [net] Map generation percentage complete: 45
[2012-06-23 16:57:15] dbg: [net] Map generation percentage complete: 50
[2012-06-23 16:57:15] dbg: [net] Map generation percentage complete: 55
[2012-06-23 16:57:15] dbg: [net] Map generation percentage complete: 60
[2012-06-23 16:57:15] dbg: [net] Map generation percentage complete: 65
[2012-06-23 16:57:15] dbg: [net] Map generation percentage complete: 70
[2012-06-23 16:57:15] dbg: [net] Map generation percentage complete: 75
[2012-06-23 16:57:15] dbg: [net] Map generation percentage complete: 80
[2012-06-23 16:57:15] dbg: [net] Map generation percentage complete: 85
[2012-06-23 16:57:15] dbg: [net] Map generation percentage complete: 90
[2012-06-23 16:57:16] dbg: [net] Map generation percentage complete: 99
[2012-06-23 16:57:16] dbg: [net] Map generated, starting game
status
help
[2012-06-23 16:58:53]  ---- OpenTTD Console Help ---- 
[2012-06-23 16:58:53]  - commands: [command to list all commands: list_cmds]
[2012-06-23 16:58:53]  call commands with '<command> <arg2> <arg3>...'
[2012-06-23 16:58:53]  - to assign strings, or use them as arguments, enclose it within quotes
[2012-06-23 16:58:53]  like this: '<command> "string argument with spaces"'
[2012-06-23 16:58:53]  - use 'help <command>' to get specific information
[2012-06-23 16:58:53]  - scroll console output with shift + (up | down | pageup | pagedown)
[2012-06-23 16:58:53]  - scroll console input history with the up or down arrows
[2012-06-23 16:58:53] 
list_cmds
[2012-06-23 16:59:13] alias
[2012-06-23 16:59:13] ban
[2012-06-23 16:59:13] banlist
[2012-06-23 16:59:13] cd
[2012-06-23 16:59:13] clear
[2012-06-23 16:59:13] clientname
[2012-06-23 16:59:13] clients
[2012-06-23 16:59:13] companies
[2012-06-23 16:59:13] companypw
[2012-06-23 16:59:13] connect
[2012-06-23 16:59:13] content
[2012-06-23 16:59:13] debuglevel
[2012-06-23 16:59:13] echo
[2012-06-23 16:59:13] echoc
[2012-06-23 16:59:13] exec
[2012-06-23 16:59:13] exit
[2012-06-23 16:59:13] gamelog
[2012-06-23 16:59:13] getdate
[2012-06-23 16:59:13] getseed
[2012-06-23 16:59:13] help
[2012-06-23 16:59:13] infocmd
[2012-06-23 16:59:13] join
[2012-06-23 16:59:13] kick
[2012-06-23 16:59:13] listai
[2012-06-23 16:59:13] listailibs
[2012-06-23 16:59:13] listaliases
[2012-06-23 16:59:13] listcmds
[2012-06-23 16:59:13] listgame
[2012-06-23 16:59:13] listgamelibs
[2012-06-23 16:59:13] listsettings
[2012-06-23 16:59:13] load
[2012-06-23 16:59:13] ls
[2012-06-23 16:59:13] move
[2012-06-23 16:59:13] newgame
[2012-06-23 16:59:13] part
[2012-06-23 16:59:13] pause
[2012-06-23 16:59:13] pwd
[2012-06-23 16:59:13] quit
[2012-06-23 16:59:13] rcon
[2012-06-23 16:59:13] reconnect
[2012-06-23 16:59:13] reloadai
[2012-06-23 16:59:13] rescanai
[2012-06-23 16:59:13] rescangame
[2012-06-23 16:59:13] rescannewgrf
[2012-06-23 16:59:13] resetcompany
[2012-06-23 16:59:13] resetenginepool
[2012-06-23 16:59:13] resetengines
[2012-06-23 16:59:13] restart
[2012-06-23 16:59:13] return
[2012-06-23 16:59:13] rm
[2012-06-23 16:59:13] save
[2012-06-23 16:59:13] saveconfig
[2012-06-23 16:59:13] say
[2012-06-23 16:59:13] sayclient
[2012-06-23 16:59:13] saycompany
[2012-06-23 16:59:13] screenshot
[2012-06-23 16:59:13] script
[2012-06-23 16:59:13] scrollto
[2012-06-23 16:59:13] serverinfo
[2012-06-23 16:59:13] setting
[2012-06-23 16:59:13] settingnewgame
[2012-06-23 16:59:13] startai
[2012-06-23 16:59:13] status
[2012-06-23 16:59:13] stopai
[2012-06-23 16:59:13] unban
[2012-06-23 16:59:13] unpause
list_cmds
[2012-06-23 16:59:13] alias
[2012-06-23 16:59:13] ban
[2012-06-23 16:59:13] banlist
[2012-06-23 16:59:13] cd
[2012-06-23 16:59:13] clear
[2012-06-23 16:59:13] clientname
[2012-06-23 16:59:13] clients
[2012-06-23 16:59:13] companies
[2012-06-23 16:59:13] companypw
[2012-06-23 16:59:13] connect
[2012-06-23 16:59:13] content
[2012-06-23 16:59:13] debuglevel
[2012-06-23 16:59:13] echo
[2012-06-23 16:59:13] echoc
[2012-06-23 16:59:13] exec
[2012-06-23 16:59:13] exit
[2012-06-23 16:59:13] gamelog
[2012-06-23 16:59:13] getdate
[2012-06-23 16:59:13] getseed
[2012-06-23 16:59:13] help
[2012-06-23 16:59:13] infocmd
[2012-06-23 16:59:13] join
[2012-06-23 16:59:13] kick
[2012-06-23 16:59:13] listai
[2012-06-23 16:59:13] listailibs
[2012-06-23 16:59:13] listaliases
[2012-06-23 16:59:13] listcmds
[2012-06-23 16:59:13] listgame
[2012-06-23 16:59:13] listgamelibs
[2012-06-23 16:59:13] listsettings
[2012-06-23 16:59:13] load
[2012-06-23 16:59:13] ls
[2012-06-23 16:59:13] move
[2012-06-23 16:59:13] newgame
[2012-06-23 16:59:13] part
[2012-06-23 16:59:13] pause
[2012-06-23 16:59:13] pwd
[2012-06-23 16:59:13] quit
[2012-06-23 16:59:13] rcon
[2012-06-23 16:59:13] reconnect
[2012-06-23 16:59:13] reloadai
[2012-06-23 16:59:13] rescanai
[2012-06-23 16:59:13] rescangame
[2012-06-23 16:59:13] rescannewgrf
[2012-06-23 16:59:13] resetcompany
[2012-06-23 16:59:13] resetenginepool
[2012-06-23 16:59:13] resetengines
[2012-06-23 16:59:13] restart
[2012-06-23 16:59:13] return
[2012-06-23 16:59:13] rm
[2012-06-23 16:59:13] save
[2012-06-23 16:59:13] saveconfig
[2012-06-23 16:59:13] say
[2012-06-23 16:59:13] sayclient
[2012-06-23 16:59:13] saycompany
[2012-06-23 16:59:13] screenshot
[2012-06-23 16:59:13] script
[2012-06-23 16:59:13] scrollto
[2012-06-23 16:59:13] serverinfo
[2012-06-23 16:59:13] setting
[2012-06-23 16:59:13] settingnewgame
[2012-06-23 16:59:13] startai
[2012-06-23 16:59:13] status
[2012-06-23 16:59:13] stopai
[2012-06-23 16:59:13] unban
[2012-06-23 16:59:13] unpause
serverinfo
[2012-06-23 16:59:58] Current/maximum clients:     0/10
[2012-06-23 16:59:58] Current/maximum companies:   0/ 8
[2012-06-23 16:59:58] Current/maximum spectators:  0/10
quit
[2012-06-23 17:14:11] dbg: [net] [server] closed listeners
[2012-06-23 17:14:11] dbg: [net] [admin] closed listeners
[2012-06-23 17:14:11] dbg: [net] [udp] closed listeners
[2012-06-23 17:14:11] dbg: [net] [udp] initializing listeners
[2012-06-23 17:14:11] dbg: [net] [udp] closed listeners
[2012-06-23 17:14:11] dbg: [net] [core] shutting down network
