dbg: [net] [core] starting network...
dbg: [net] [udp] initializing listeners
dbg: [net] [core] network online, multiplayer available
dbg: [net] Detected broadcast addresses:
dbg: [net] [udp] closed listeners
dbg: [net] [udp] initializing listeners
dbg: [net] [udp] closed listeners
dbg: [net] [udp] initializing listeners
dbg: [net] [tcp] listening on IPv4 port 0.0.0.0:3979 (IPv4)
dbg: [net] [tcp] listening on IPv6 port [::]:3979 (IPv6)
dbg: [net] [udp] listening on IPv4 port 0.0.0.0:3979 (IPv4)
dbg: [net] [udp] listening on IPv6 port [::]:3979 (IPv6)
dbg: [net] Generating map, please wait...
dbg: [net] Map generation percentage complete: 5
dbg: [net] Map generation percentage complete: 10
dbg: [net] Map generation percentage complete: 15
dbg: [net] Map generation percentage complete: 20
dbg: [net] Map generation percentage complete: 25
dbg: [net] Map generation percentage complete: 30
dbg: [net] Map generation percentage complete: 35
dbg: [net] Map generation percentage complete: 40
dbg: [net] Map generation percentage complete: 45
dbg: [net] Map generation percentage complete: 50
dbg: [net] Map generation percentage complete: 55
dbg: [net] Map generation percentage complete: 60
dbg: [net] Map generation percentage complete: 65
dbg: [net] Map generation percentage complete: 70
dbg: [net] Map generation percentage complete: 75
dbg: [net] Map generation percentage complete: 80
dbg: [net] Map generation percentage complete: 85
dbg: [net] Map generation percentage complete: 90
dbg: [net] Map generation percentage complete: 99
dbg: [net] Map generated, starting game
help
 ---- OpenTTD Console Help ---- 
 - commands: [command to list all commands: list_cmds]
 call commands with '<command> <arg2> <arg3>...'
 - to assign strings, or use them as arguments, enclose it within quotes
 like this: '<command> "string argument with spaces"'
 - use 'help <command>' to get specific information
 - scroll console output with shift + (up | down | pageup | pagedown)
 - scroll console input history with the up or down arrows

list_cmds
alias
ban
banlist
cd
clear
clientname
clients
companies
companypw
connect
content
debuglevel
echo
echoc
exec
exit
gamelog
getdate
getseed
help
infocmd
join
kick
listai
listailibs
listaliases
listcmds
listgame
listgamelibs
listsettings
load
ls
move
newgame
part
pause
pwd
quit
rcon
reconnect
reloadai
rescanai
rescangame
rescannewgrf
resetcompany
resetenginepool
resetengines
restart
return
rm
save
saveconfig
say
sayclient
saycompany
screenshot
script
scrollto
serverinfo
setting
settingnewgame
startai
status
stopai
unban
unpause
infocmd
- Print out debugging information about a command. Usage: 'info_cmd <cmd>'
help screenshot
- Create a screenshot of the game. Usage: 'screenshot [big | giant | no_con] [file name]'
- 'big' makes a zoomed-in screenshot of the visible area, 'giant' makes a screenshot of the whole map, 'no_con' hides the console to create the screenshot. 'big' or 'giant' screenshots are always drawn without console
screenshot big pokus.png
ERROR: Screenshot failed!
screenshot big pokus
ERROR: Screenshot failed!
say radek rika ahoj
- Chat to your fellow players in a multiplayer game. Usage: 'say "<msg>"'
say radek
‎[All] : radek
say 'radek rika znovu ahoj'
- Chat to your fellow players in a multiplayer game. Usage: 'say "<msg>"'
status
pause
‎*** Game paused (manual)
listgame
List of Game Scripts:

unpause
‎*** Game unpaused (manual)
clients
Client #1  name: ''  company: 255  IP: server
ls
0) .. (Parent directory)
1) autosave/ (Directory)
cd autosave
pwd
/var/www/.openttd/save/autosave/
ls
0) .. (Parent directory)
1) autosave6.sav
2) autosave5.sav
3) autosave4.sav
4) autosave3.sav
5) autosave2.sav
6) autosave1.sav
7) autosave0.sav
8) autosave10.sav
9) autosave9.sav
10) autosave8.sav
11) autosave7.sav
12) autosave15.sav
13) autosave14.sav
14) autosave13.sav
15) autosave12.sav
16) autosave11.sav
quit
dbg: [net] [server] closed listeners
dbg: [net] [admin] closed listeners
dbg: [net] [udp] closed listeners
dbg: [net] [udp] initializing listeners
dbg: [net] [udp] closed listeners
dbg: [net] [core] shutting down network
