dbg: [net] [core] starting network...
dbg: [net] [udp] initializing listeners
dbg: [net] [core] network online, multiplayer available
dbg: [net] Detected broadcast addresses:
dbg: [net] 0) 192.168.1.255
dbg: [net] [udp] closed listeners
dbg: [net] [udp] initializing listeners
dbg: [net] [udp] closed listeners
dbg: [net] [udp] initializing listeners
dbg: [net] [tcp] listening on IPv4 port 0.0.0.0:3979 (IPv4)
dbg: [net] [udp] listening on IPv4 port 0.0.0.0:3979 (IPv4)
dbg: [net] Generating map, please wait...
dbg: [net] Map generation percentage complete: 5
dbg: [net] Map generation percentage complete: 10
dbg: [net] Map generation percentage complete: 15
dbg: [net] Map generation percentage complete: 20
dbg: [net] Map generation percentage complete: 25
dbg: [net] Map generation percentage complete: 30
dbg: [net] Map generation percentage complete: 35
dbg: [net] Map generation percentage complete: 40
dbg: [net] Map generation percentage complete: 45
dbg: [net] Map generation percentage complete: 50
dbg: [net] Map generation percentage complete: 55
dbg: [net] Map generation percentage complete: 60
dbg: [net] Map generation percentage complete: 65
dbg: [net] Map generation percentage complete: 70
dbg: [net] Map generation percentage complete: 75
dbg: [net] Map generation percentage complete: 80
dbg: [net] Map generation percentage complete: 85
dbg: [net] Map generation percentage complete: 90
dbg: [net] Map generation percentage complete: 99
dbg: [net] Map generated, starting game
stat
ERROR: command not found
quit
dbg: [net] [server] closed listeners
dbg: [net] [admin] closed listeners
dbg: [net] [udp] closed listeners
dbg: [net] [udp] initializing listeners
dbg: [net] [udp] closed listeners
dbg: [net] [core] shutting down network
